<?xml version="1.0" encoding="UTF-8"?>
<!-- Generated by org.testng.reporters.JUnitXMLReporter -->
<testsuite ignored="0" hostname="Gaurav-PC" failures="1" tests="2" name="SmokeSuite" time="18.946" errors="0" timestamp="2025-05-25T04:13:03 IST">
  <testcase classname="com.selenium_testng.TestCases.TC01_login" name="verifyLogin" time="2.948"/>
  <testcase classname="com.selenium_testng.TestCases.TC04_loginNegative" name="verifyInvalidLogin" time="12.609">
    <failure type="java.lang.AssertionError" message="❌ Error: &amp;apos;Invalid credentials&amp;apos; message not shown as expected. expected [true] but found [false]">
      <![CDATA[java.lang.AssertionError: ❌ Error: 'Invalid credentials' message not shown as expected. expected [true] but found [false]
at com.selenium_testng.TestCases.TC04_loginNegative.verifyInvalidLogin(TC04_loginNegative.java:19)
at java.base/java.util.concurrent.Executors$RunnableAdapter.call(Executors.java:572)
at java.base/java.util.concurrent.FutureTask.run(FutureTask.java:317)
at java.base/java.util.concurrent.ThreadPoolExecutor.runWorker(ThreadPoolExecutor.java:1144)
at java.base/java.util.concurrent.ThreadPoolExecutor$Worker.run(ThreadPoolExecutor.java:642)
at java.base/java.lang.Thread.run(Thread.java:1583)
... Removed 14 stack frames]]>
    </failure>
  </testcase> <!-- verifyInvalidLogin -->
</testsuite> <!-- SmokeSuite -->
