<?xml version="1.0" encoding="UTF-8"?>
<testng-results ignored="0" total="3" passed="2" failed="1" skipped="0">
  <reporter-output>
  </reporter-output>
  <suite started-at="2025-05-25T04:12:33 IST" name="Parallel Test Suite" finished-at="2025-05-25T04:12:43 IST" duration-ms="9811">
    <groups>
    </groups>
    <test started-at="2025-05-25T04:12:33 IST" name="Regression" finished-at="2025-05-25T04:12:43 IST" duration-ms="9811">
      <class name="com.selenium_testng.TestCases.TC01_login">
        <test-method is-config="true" signature="setUp()[pri:0, instance:com.selenium_testng.TestCases.TC01_login@742ff096]" started-at="2025-05-25T04:12:33 IST" name="setUp" finished-at="2025-05-25T04:12:40 IST" duration-ms="6830" status="PASS">
          <reporter-output>
          </reporter-output>
        </test-method> <!-- setUp -->
        <test-method signature="verifyLogin()[pri:0, instance:com.selenium_testng.TestCases.TC01_login@742ff096]" started-at="2025-05-25T04:12:40 IST" name="verifyLogin" finished-at="2025-05-25T04:12:43 IST" duration-ms="2422" status="PASS">
          <reporter-output>
          </reporter-output>
        </test-method> <!-- verifyLogin -->
        <test-method is-config="true" signature="tearDown()[pri:0, instance:com.selenium_testng.TestCases.TC01_login@742ff096]" started-at="2025-05-25T04:12:43 IST" name="tearDown" finished-at="2025-05-25T04:12:43 IST" duration-ms="498" status="PASS">
          <reporter-output>
          </reporter-output>
        </test-method> <!-- tearDown -->
      </class> <!-- com.selenium_testng.TestCases.TC01_login -->
    </test> <!-- Regression -->
  </suite> <!-- Parallel Test Suite -->
  <suite started-at="2025-05-25T04:12:44 IST" name="Smoke" finished-at="2025-05-25T04:13:03 IST" duration-ms="18946">
    <groups>
    </groups>
    <test started-at="2025-05-25T04:12:44 IST" name="SmokeSuite" finished-at="2025-05-25T04:13:03 IST" duration-ms="18946">
      <class name="com.selenium_testng.TestCases.TC04_loginNegative">
        <test-method is-config="true" signature="setUp()[pri:0, instance:com.selenium_testng.TestCases.TC04_loginNegative@6b695b06]" started-at="2025-05-25T04:12:44 IST" name="setUp" finished-at="2025-05-25T04:12:50 IST" duration-ms="5968" status="PASS">
          <reporter-output>
          </reporter-output>
        </test-method> <!-- setUp -->
        <test-method signature="verifyInvalidLogin()[pri:0, instance:com.selenium_testng.TestCases.TC04_loginNegative@6b695b06]" started-at="2025-05-25T04:12:50 IST" name="verifyInvalidLogin" finished-at="2025-05-25T04:13:02 IST" duration-ms="12609" status="FAIL">
          <exception class="java.lang.AssertionError">
            <message>
              <![CDATA[❌ Error: 'Invalid credentials' message not shown as expected. expected [true] but found [false]]]>
            </message>
            <full-stacktrace>
              <![CDATA[java.lang.AssertionError: ❌ Error: 'Invalid credentials' message not shown as expected. expected [true] but found [false]
at org.testng.Assert.fail(Assert.java:111)
at org.testng.Assert.failNotEquals(Assert.java:1590)
at org.testng.Assert.assertTrue(Assert.java:57)
at com.selenium_testng.TestCases.TC04_loginNegative.verifyInvalidLogin(TC04_loginNegative.java:19)
at java.base/jdk.internal.reflect.DirectMethodHandleAccessor.invoke(DirectMethodHandleAccessor.java:103)
at java.base/java.lang.reflect.Method.invoke(Method.java:580)
at org.testng.internal.invokers.MethodInvocationHelper.invokeMethod(MethodInvocationHelper.java:141)
at org.testng.internal.invokers.TestInvoker.invokeMethod(TestInvoker.java:687)
at org.testng.internal.invokers.TestInvoker.invokeTestMethod(TestInvoker.java:230)
at org.testng.internal.invokers.MethodRunner.runInSequence(MethodRunner.java:63)
at org.testng.internal.invokers.TestInvoker$MethodInvocationAgent.invoke(TestInvoker.java:995)
at org.testng.internal.invokers.TestInvoker.invokeTestMethods(TestInvoker.java:203)
at org.testng.internal.invokers.TestMethodWorker.invokeTestMethods(TestMethodWorker.java:154)
at org.testng.internal.invokers.TestMethodWorker.run(TestMethodWorker.java:134)
at java.base/java.util.concurrent.Executors$RunnableAdapter.call(Executors.java:572)
at java.base/java.util.concurrent.FutureTask.run(FutureTask.java:317)
at org.testng.internal.thread.graph.TestNGFutureTask.run(TestNGFutureTask.java:22)
at java.base/java.util.concurrent.ThreadPoolExecutor.runWorker(ThreadPoolExecutor.java:1144)
at java.base/java.util.concurrent.ThreadPoolExecutor$Worker.run(ThreadPoolExecutor.java:642)
at java.base/java.lang.Thread.run(Thread.java:1583)
]]>
            </full-stacktrace>
          </exception> <!-- java.lang.AssertionError -->
          <reporter-output>
          </reporter-output>
        </test-method> <!-- verifyInvalidLogin -->
        <test-method is-config="true" signature="tearDown()[pri:0, instance:com.selenium_testng.TestCases.TC04_loginNegative@6b695b06]" started-at="2025-05-25T04:13:02 IST" name="tearDown" finished-at="2025-05-25T04:13:03 IST" duration-ms="344" status="PASS">
          <reporter-output>
          </reporter-output>
        </test-method> <!-- tearDown -->
      </class> <!-- com.selenium_testng.TestCases.TC04_loginNegative -->
      <class name="com.selenium_testng.TestCases.TC01_login">
        <test-method is-config="true" signature="setUp()[pri:0, instance:com.selenium_testng.TestCases.TC01_login@4f32a3ad]" started-at="2025-05-25T04:12:44 IST" name="setUp" finished-at="2025-05-25T04:12:50 IST" duration-ms="5932" status="PASS">
          <reporter-output>
          </reporter-output>
        </test-method> <!-- setUp -->
        <test-method signature="verifyLogin()[pri:0, instance:com.selenium_testng.TestCases.TC01_login@4f32a3ad]" started-at="2025-05-25T04:12:50 IST" name="verifyLogin" finished-at="2025-05-25T04:12:53 IST" duration-ms="2948" status="PASS">
          <reporter-output>
          </reporter-output>
        </test-method> <!-- verifyLogin -->
        <test-method is-config="true" signature="tearDown()[pri:0, instance:com.selenium_testng.TestCases.TC01_login@4f32a3ad]" started-at="2025-05-25T04:12:53 IST" name="tearDown" finished-at="2025-05-25T04:12:53 IST" duration-ms="280" status="PASS">
          <reporter-output>
          </reporter-output>
        </test-method> <!-- tearDown -->
      </class> <!-- com.selenium_testng.TestCases.TC01_login -->
    </test> <!-- SmokeSuite -->
  </suite> <!-- Smoke -->
</testng-results>
