<?xml version="1.0" encoding="UTF-8"?>
<testng-results ignored="0" total="1" passed="1" failed="0" skipped="0">
  <reporter-output>
  </reporter-output>
  <suite started-at="2025-05-05T23:12:29 IST" name="Smoke" finished-at="2025-05-05T23:12:38 IST" duration-ms="9289">
    <groups>
    </groups>
    <test started-at="2025-05-05T23:12:29 IST" name="orange hrm" finished-at="2025-05-05T23:12:38 IST" duration-ms="9289">
      <class name="com.selenium_testng.TestCases.TC03_loginNegative">
        <test-method is-config="true" signature="setUp()[pri:0, instance:com.selenium_testng.TestCases.TC03_loginNegative@48fa0f47]" started-at="2025-05-05T23:12:29 IST" name="setUp" finished-at="2025-05-05T23:12:36 IST" duration-ms="6415" status="PASS">
          <reporter-output>
          </reporter-output>
        </test-method> <!-- setUp -->
        <test-method signature="verifyInvalidLogin()[pri:0, instance:com.selenium_testng.TestCases.TC03_loginNegative@48fa0f47]" started-at="2025-05-05T23:12:36 IST" name="verifyInvalidLogin" finished-at="2025-05-05T23:12:38 IST" duration-ms="2502" status="PASS">
          <reporter-output>
          </reporter-output>
        </test-method> <!-- verifyInvalidLogin -->
        <test-method is-config="true" signature="tearDown()[pri:0, instance:com.selenium_testng.TestCases.TC03_loginNegative@48fa0f47]" started-at="2025-05-05T23:12:38 IST" name="tearDown" finished-at="2025-05-05T23:12:38 IST" duration-ms="310" status="PASS">
          <reporter-output>
          </reporter-output>
        </test-method> <!-- tearDown -->
      </class> <!-- com.selenium_testng.TestCases.TC03_loginNegative -->
    </test> <!-- orange hrm -->
  </suite> <!-- Smoke -->
</testng-results>
