<?xml version="1.0" encoding="UTF-8"?>
<!-- Generated by org.testng.reporters.JUnitXMLReporter -->
<testsuite ignored="0" hostname="Gaurav-PC" failures="0" tests="14" name="Regression" time="50.436" errors="0" timestamp="2025-05-18T00:33:02 IST">
  <testcase classname="com.selenium_testng.TestCases.TC02_Dashboard" name="verifyDashboardHeader" time="11.313"/>
  <testcase classname="com.selenium_testng.TestCases.TC11_MyInfoHeader" name="verifyMyInfoHeader" time="14.032"/>
  <testcase classname="com.selenium_testng.TestCases.TC01_login" name="verifyLogin" time="10.135"/>
  <testcase classname="com.selenium_testng.TestCases.TC03_Leave" name="verifyLeavepageHeader" time="13.883"/>
  <testcase classname="com.selenium_testng.TestCases.TC04_loginNegative" name="verifyInvalidLogin" time="16.136"/>
  <testcase classname="com.selenium_testng.TestCases.TC05_TimeHeader" name="verifyTimeHeader" time="18.312"/>
  <testcase classname="com.selenium_testng.TestCases.TC07_BuzzHeader" name="verifybuzzHeader" time="20.061"/>
  <testcase classname="com.selenium_testng.TestCases.TC06_AdminHeader" name="verifyAdminHeader" time="22.893"/>
  <testcase classname="com.selenium_testng.TestCases.TC09_DirectoryHeader" name="verifyDirectoryHeader" time="25.247"/>
  <testcase classname="com.selenium_testng.TestCases.TC10_MaintenenaceHeader" name="verifyMaintenanceHeader" time="26.708"/>
  <testcase classname="com.selenium_testng.TestCases.TC13_PerformanceHeader" name="verifyPerformanceHeader" time="8.164"/>
  <testcase classname="com.selenium_testng.TestCases.TC12_Claim" name="verifyClaimHeader" time="5.731"/>
  <testcase classname="com.selenium_testng.TestCases.TC14_PIM" name="verifyPIMHeader" time="5.498"/>
  <testcase classname="com.selenium_testng.TestCases.TC15_RecruitementHeader" name="verifyRecrutementHeader" time="4.572"/>
</testsuite> <!-- Regression -->
