<?xml version="1.0" encoding="UTF-8"?>
<!-- Generated by org.testng.reporters.JUnitReportReporter -->
<testsuite hostname="Gaurav-PC" failures="0" tests="2" name="com.selenium_testng.TestCases.TC01_login" time="18.132" errors="0" timestamp="2025-05-25T04:13:03 IST" skipped="0">
  <testcase classname="com.selenium_testng.TestCases.TC01_login" name="verifyLogin" time="8.880"/>
  <testcase classname="com.selenium_testng.TestCases.TC01_login" name="verifyLogin" time="9.252"/>
</testsuite> <!-- com.selenium_testng.TestCases.TC01_login -->
